This is pdfTeX, Version 3.141592653-2.6-1.40.26 (MiKTeX 24.4) (preloaded format=pdflatex 2024.12.30)  5 FEB 2025 10:48
entering extended mode
 restricted \write18 enabled.
 %&-line parsing enabled.
**./author.tex
(author.tex
LaTeX2e <2024-11-01> patch level 1
L3 programming layer <2024-11-02>

! LaTeX Error: File `svproc.cls' not found.

Type X to quit or <RETURN> to proceed,
or enter new name. (Default extension: cls)

Enter file name: 
! Emergency stop.
<read *> 
         
l.14 ^^M
        
*** (cannot \read from terminal in nonstop modes)

 
Here is how much of TeX's memory you used:
 20 strings out of 473650
 530 string characters out of 5716970
 389759 words of memory out of 5000000
 23229 multiletter control sequences out of 15000+600000
 558069 words of font info for 36 fonts, out of 8000000 for 9000
 1141 hyphenation exceptions out of 8191
 19i,0n,29p,111b,17s stack positions out of 10000i,1000n,20000p,200000b,200000s
!  ==> Fatal error occurred, no output PDF file produced!
